🔥 THRONE PHOENIX - Renaissance Infinie

🔥 RENAISSANCE #1 - Plus fort qu'avant!
⚡ Attaque directe!

🔥 RENAISSANCE #2 - Plus fort qu'avant!
⚡ Attaque directe!

🔥 RENAISSANCE #3 - Plus fort qu'avant!
⚡ Attaque directe!

🔥 RENAISSANCE #4 - Plus fort qu'avant!
⚡ Attaque directe!

🔥 RENAISSANCE #5 - Plus fort qu'avant!
⚡ Attaque directe!

🔥 RENAISSANCE #6 - Plus fort qu'avant!
⚡ Attaque directe!

🔥 RENAISSANCE #7 - Plus fort qu'avant!
⚡ Attaque directe!

🔥 RENAISSANCE #8 - Plus fort qu'avant!
⚡ Attaque directe!

🔥 RENAISSANCE #9 - Plus fort qu'avant!
⚡ Attaque directe!

🔥 RENAISSANCE #10 - Plus fort qu'avant!
⚡ Attaque directe!

🔥 RENAISSANCE #11 - Plus fort qu'avant!
⚡ Attaque directe!

🔥 RENAISSANCE #12 - Plus fort qu'avant!
⚡ Attaque directe!

🔥 RENAISSANCE #13 - Plus fort qu'avant!
⚡ Attaque directe!

🔥 RENAISSANCE #14 - Plus fort qu'avant!
⚡ Attaque directe!

🔥 RENAISSANCE #15 - Plus fort qu'avant!
⚡ Attaque directe!

🔥 RENAISSANCE #16 - Plus fort qu'avant!
⚡ Attaque directe!

🔥 RENAISSANCE #17 - Plus fort qu'avant!
⚡ Attaque directe!

🔥 RENAISSANCE #18 - Plus fort qu'avant!
⚡ Attaque directe!

🔥 RENAISSANCE #19 - Plus fort qu'avant!
⚡ Attaque directe!

🔥 RENAISSANCE #20 - Plus fort qu'avant!
⚡ Attaque directe!

🔥 RENAISSANCE #21 - Plus fort qu'avant!
⚡ Attaque directe!

🔥 RENAISSANCE #22 - Plus fort qu'avant!
⚡ Attaque directe!

🔥 RENAISSANCE #23 - Plus fort qu'avant!
⚡ Attaque directe!

🔥 RENAISSANCE #24 - Plus fort qu'avant!
⚡ Attaque directe!

🔥 RENAISSANCE #25 - Plus fort qu'avant!
⚡ Attaque directe!

🔥 RENAISSANCE #26 - Plus fort qu'avant!
⚡ Attaque directe!

🔥 RENAISSANCE #27 - Plus fort qu'avant!
⚡ Attaque directe!

🔥 RENAISSANCE #28 - Plus fort qu'avant!
⚡ Attaque directe!

🔥 RENAISSANCE #29 - Plus fort qu'avant!
⚡ Attaque directe!

🔥 RENAISSANCE #30 - Plus fort qu'avant!
⚡ Attaque directe!

🔥 RENAISSANCE #31 - Plus fort qu'avant!
⚡ Attaque directe!

🔥 RENAISSANCE #32 - Plus fort qu'avant!
⚡ Attaque directe!

🔥 RENAISSANCE #33 - Plus fort qu'avant!
⚡ Attaque directe!

🔥 RENAISSANCE #34 - Plus fort qu'avant!
⚡ Attaque directe!

🔥 RENAISSANCE #35 - Plus fort qu'avant!
⚡ Attaque directe!

🔥 RENAISSANCE #36 - Plus fort qu'avant!
⚡ Attaque directe!

🔥 RENAISSANCE #37 - Plus fort qu'avant!
⚡ Attaque directe!

🔥 RENAISSANCE #38 - Plus fort qu'avant!
⚡ Attaque directe!

🔥 RENAISSANCE #39 - Plus fort qu'avant!
⚡ Attaque directe!

🔥 RENAISSANCE #40 - Plus fort qu'avant!
⚡ Attaque directe!

🔥 RENAISSANCE #41 - Plus fort qu'avant!
⚡ Attaque directe!

🔥 RENAISSANCE #42 - Plus fort qu'avant!
⚡ Attaque directe!

🔥 RENAISSANCE #43 - Plus fort qu'avant!
⚡ Attaque directe!

🔥 RENAISSANCE #44 - Plus fort qu'avant!
⚡ Attaque directe!

🔥 RENAISSANCE #45 - Plus fort qu'avant!
⚡ Attaque directe!

🔥 RENAISSANCE #46 - Plus fort qu'avant!
⚡ Attaque directe!

🔥 RENAISSANCE #47 - Plus fort qu'avant!
⚡ Attaque directe!

🔥 RENAISSANCE #48 - Plus fort qu'avant!
⚡ Attaque directe!

🔥 RENAISSANCE #49 - Plus fort qu'avant!
⚡ Attaque directe!

🔥 RENAISSANCE #50 - Plus fort qu'avant!
⚡ Attaque directe!

🔥 RENAISSANCE #51 - Plus fort qu'avant!
⚡ Attaque directe!

🔥 RENAISSANCE #52 - Plus fort qu'avant!
⚡ Attaque directe!

🔥 RENAISSANCE #53 - Plus fort qu'avant!
⚡ Attaque directe!

🔥 RENAISSANCE #54 - Plus fort qu'avant!
⚡ Attaque directe!

🔥 RENAISSANCE #55 - Plus fort qu'avant!
⚡ Attaque directe!

🔥 RENAISSANCE #56 - Plus fort qu'avant!
⚡ Attaque directe!

🔥 RENAISSANCE #57 - Plus fort qu'avant!
⚡ Attaque directe!

🔥 RENAISSANCE #58 - Plus fort qu'avant!
⚡ Attaque directe!

🔥 RENAISSANCE #59 - Plus fort qu'avant!
⚡ Attaque directe!

🔥 RENAISSANCE #60 - Plus fort qu'avant!
⚡ Attaque directe!

🔥 RENAISSANCE #61 - Plus fort qu'avant!
⚡ Attaque directe!

🔥 RENAISSANCE #62 - Plus fort qu'avant!
⚡ Attaque directe!

🔥 RENAISSANCE #63 - Plus fort qu'avant!
⚡ Attaque directe!

🔥 RENAISSANCE #64 - Plus fort qu'avant!
⚡ Attaque directe!

🔥 RENAISSANCE #65 - Plus fort qu'avant!
⚡ Attaque directe!

🔥 RENAISSANCE #66 - Plus fort qu'avant!
⚡ Attaque directe!

🔥 RENAISSANCE #67 - Plus fort qu'avant!
⚡ Attaque directe!

🔥 RENAISSANCE #68 - Plus fort qu'avant!
⚡ Attaque directe!

🔥 RENAISSANCE #69 - Plus fort qu'avant!
⚡ Attaque directe!

🔥 RENAISSANCE #70 - Plus fort qu'avant!
⚡ Attaque directe!

🔥 RENAISSANCE #71 - Plus fort qu'avant!
⚡ Attaque directe!

🔥 RENAISSANCE #72 - Plus fort qu'avant!
⚡ Attaque directe!

🔥 RENAISSANCE #73 - Plus fort qu'avant!
⚡ Attaque directe!

🔥 RENAISSANCE #74 - Plus fort qu'avant!
⚡ Attaque directe!

🔥 RENAISSANCE #75 - Plus fort qu'avant!
⚡ Attaque directe!

🔥 RENAISSANCE #76 - Plus fort qu'avant!
⚡ Attaque directe!

🔥 RENAISSANCE #77 - Plus fort qu'avant!
⚡ Attaque directe!

🔥 RENAISSANCE #78 - Plus fort qu'avant!
⚡ Attaque directe!

🔥 RENAISSANCE #79 - Plus fort qu'avant!
⚡ Attaque directe!

🔥 RENAISSANCE #80 - Plus fort qu'avant!
⚡ Attaque directe!

🔥 RENAISSANCE #81 - Plus fort qu'avant!
⚡ Attaque directe!

🔥 RENAISSANCE #82 - Plus fort qu'avant!
⚡ Attaque directe!

🔥 RENAISSANCE #83 - Plus fort qu'avant!
⚡ Attaque directe!

🔥 RENAISSANCE #84 - Plus fort qu'avant!
⚡ Attaque directe!

🔥 RENAISSANCE #85 - Plus fort qu'avant!
⚡ Attaque directe!

🔥 RENAISSANCE #86 - Plus fort qu'avant!
⚡ Attaque directe!

🔥 RENAISSANCE #87 - Plus fort qu'avant!
⚡ Attaque directe!

🔥 RENAISSANCE #88 - Plus fort qu'avant!
⚡ Attaque directe!

🔥 RENAISSANCE #89 - Plus fort qu'avant!
⚡ Attaque directe!

🔥 RENAISSANCE #90 - Plus fort qu'avant!
⚡ Attaque directe!

🔥 RENAISSANCE #91 - Plus fort qu'avant!
⚡ Attaque directe!

🔥 RENAISSANCE #92 - Plus fort qu'avant!
⚡ Attaque directe!

🔥 RENAISSANCE #93 - Plus fort qu'avant!
⚡ Attaque directe!

🔥 RENAISSANCE #94 - Plus fort qu'avant!
⚡ Attaque directe!

🔥 RENAISSANCE #95 - Plus fort qu'avant!
⚡ Attaque directe!

🔥 RENAISSANCE #96 - Plus fort qu'avant!
⚡ Attaque directe!

🔥 RENAISSANCE #97 - Plus fort qu'avant!
⚡ Attaque directe!

🔥 RENAISSANCE #98 - Plus fort qu'avant!
⚡ Attaque directe!

🔥 RENAISSANCE #99 - Plus fort qu'avant!
⚡ Attaque directe!

🔥 RENAISSANCE #100 - Plus fort qu'avant!
⚡ Attaque directe!

🔥 RENAISSANCE #101 - Plus fort qu'avant!
⚡ Attaque directe!

🔥 100 RENAISSANCES! Le Phoenix transcende!
🔥 Le Phoenix veille éternellement...
